build/app/intermediates/manifest_merge_blame_file/release/manifest-merger-blame-release-report.txt
1<?xml version="1.0" encoding="utf-8"?>
2<manifest xmlns:android="http://schemas.android.com/apk/res/android"
3    package="com.example.cake_house_bakery"
4    android:versionCode="1"
5    android:versionName="1.0.0" >
6
7    <uses-sdk
8        android:minSdkVersion="19"
8-->src/main/AndroidManifest.xml
9        android:targetSdkVersion="31" />
9-->src/main/AndroidManifest.xml
10
11    <uses-permission android:name="android.permission.INTERNET" />
11-->[:firebase_messaging] AndroidManifest.xml:9:5-67
11-->[:firebase_messaging] AndroidManifest.xml:9:22-64
12    <uses-permission android:name="android.permission.WAKE_LOCK" />
12-->[:firebase_messaging] AndroidManifest.xml:10:5-68
12-->[:firebase_messaging] AndroidManifest.xml:10:22-65
13    <uses-permission android:name="android.permission.ACCESS_NETWORK_STATE" /> <!-- Permissions options for the `notification` group -->
13-->[:firebase_messaging] AndroidManifest.xml:11:5-79
13-->[:firebase_messaging] AndroidManifest.xml:11:22-76
14    <uses-permission android:name="android.permission.POST_NOTIFICATIONS" />
14-->[:firebase_messaging] AndroidManifest.xml:13:5-77
14-->[:firebase_messaging] AndroidManifest.xml:13:22-74
15    <uses-permission android:name="android.permission.RECEIVE_BOOT_COMPLETED" />
15-->[:flutter_local_notifications] AndroidManifest.xml:9:5-81
15-->[:flutter_local_notifications] AndroidManifest.xml:9:22-78
16    <uses-permission android:name="android.permission.VIBRATE" />
16-->[:flutter_local_notifications] AndroidManifest.xml:10:5-66
16-->[:flutter_local_notifications] AndroidManifest.xml:10:22-63
17    <uses-permission android:name="android.permission.USE_FULL_SCREEN_INTENT" />
17-->[:flutter_local_notifications] AndroidManifest.xml:11:5-81
17-->[:flutter_local_notifications] AndroidManifest.xml:11:22-78
18    <uses-permission android:name="android.permission.SCHEDULE_EXACT_ALARM" />
18-->[:flutter_local_notifications] AndroidManifest.xml:12:5-79
18-->[:flutter_local_notifications] AndroidManifest.xml:12:22-76
19    <uses-permission android:name="android.permission.ACCESS_COARSE_LOCATION" />
19-->[:location] AndroidManifest.xml:9:5-81
19-->[:location] AndroidManifest.xml:9:22-78
20    <uses-permission android:name="android.permission.ACCESS_FINE_LOCATION" /> <!-- Required by older versions of Google Play services to create IID tokens -->
20-->[:location] AndroidManifest.xml:10:5-79
20-->[:location] AndroidManifest.xml:10:22-76
21    <uses-permission android:name="com.google.android.c2dm.permission.RECEIVE" />
21-->[com.google.firebase:firebase-iid:21.1.0] AndroidManifest.xml:26:5-82
21-->[com.google.firebase:firebase-iid:21.1.0] AndroidManifest.xml:26:22-79
22
23    <application
24        android:name="android.app.Application"
24-->src/main/AndroidManifest.xml:5:9-42
25        android:appComponentFactory="androidx.core.app.CoreComponentFactory"
25-->[androidx.core:core:1.6.0] AndroidManifest.xml:24:18-86
26        android:icon="@mipmap/launcher_icon"
26-->src/main/AndroidManifest.xml:6:9-45
27        android:label="cake house bakery" >
27-->src/main/AndroidManifest.xml:4:9-42
28        <activity
28-->src/main/AndroidManifest.xml:7:9-27:20
29            android:name="com.example.cake_house_bakery.MainActivity"
29-->src/main/AndroidManifest.xml:8:13-41
30            android:configChanges="orientation|keyboardHidden|keyboard|screenSize|smallestScreenSize|locale|layoutDirection|fontScale|screenLayout|density|uiMode"
30-->src/main/AndroidManifest.xml:12:13-163
31            android:exported="true"
31-->src/main/AndroidManifest.xml:9:13-36
32            android:hardwareAccelerated="true"
32-->src/main/AndroidManifest.xml:13:13-47
33            android:launchMode="singleTop"
33-->src/main/AndroidManifest.xml:10:13-43
34            android:theme="@style/LaunchTheme"
34-->src/main/AndroidManifest.xml:11:13-47
35            android:windowSoftInputMode="adjustResize" >
35-->src/main/AndroidManifest.xml:14:13-55
36
37            <!--
38                 Specifies an Android theme to apply to this Activity as soon as
39                 the Android process has started. This theme is visible to the user
40                 while the Flutter UI initializes. After that, this theme continues
41                 to determine the Window background behind the Flutter UI.
42            -->
43            <meta-data
43-->src/main/AndroidManifest.xml:19:13-22:17
44                android:name="io.flutter.embedding.android.NormalTheme"
44-->src/main/AndroidManifest.xml:20:15-70
45                android:resource="@style/NormalTheme" />
45-->src/main/AndroidManifest.xml:21:15-52
46
47            <intent-filter>
47-->src/main/AndroidManifest.xml:23:13-26:29
48                <action android:name="android.intent.action.MAIN" />
48-->src/main/AndroidManifest.xml:24:17-68
48-->src/main/AndroidManifest.xml:24:25-66
49
50                <category android:name="android.intent.category.LAUNCHER" />
50-->src/main/AndroidManifest.xml:25:17-76
50-->src/main/AndroidManifest.xml:25:27-74
51            </intent-filter>
52        </activity>
53        <!--
54             Don't delete the meta-data below.
55             This is used by the Flutter tool to generate GeneratedPluginRegistrant.java
56        -->
57        <meta-data
57-->src/main/AndroidManifest.xml:30:9-32:33
58            android:name="flutterEmbedding"
58-->src/main/AndroidManifest.xml:31:13-44
59            android:value="2" />
59-->src/main/AndroidManifest.xml:32:13-30
60
61        <service
61-->[:firebase_database] AndroidManifest.xml:10:9-14:19
62            android:name="com.google.firebase.components.ComponentDiscoveryService"
62-->[:firebase_database] AndroidManifest.xml:10:18-89
63            android:directBootAware="true"
63-->[com.google.firebase:firebase-common:20.2.0] AndroidManifest.xml:34:13-43
64            android:exported="false" >
64-->[com.google.firebase:firebase-iid:21.1.0] AndroidManifest.xml:31:13-37
65            <meta-data
65-->[:firebase_database] AndroidManifest.xml:11:13-13:85
66                android:name="com.google.firebase.components:io.flutter.plugins.firebase.database.FlutterFirebaseAppRegistrar"
66-->[:firebase_database] AndroidManifest.xml:12:17-127
67                android:value="com.google.firebase.components.ComponentRegistrar" />
67-->[:firebase_database] AndroidManifest.xml:13:17-82
68            <meta-data
68-->[:firebase_messaging] AndroidManifest.xml:38:13-40:85
69                android:name="com.google.firebase.components:io.flutter.plugins.firebase.messaging.FlutterFirebaseAppRegistrar"
69-->[:firebase_messaging] AndroidManifest.xml:39:17-128
70                android:value="com.google.firebase.components.ComponentRegistrar" />
70-->[:firebase_messaging] AndroidManifest.xml:40:17-82
71            <meta-data
71-->[:firebase_core] AndroidManifest.xml:11:13-13:85
72                android:name="com.google.firebase.components:io.flutter.plugins.firebase.core.FlutterFirebaseCoreRegistrar"
72-->[:firebase_core] AndroidManifest.xml:12:17-124
73                android:value="com.google.firebase.components.ComponentRegistrar" />
73-->[:firebase_core] AndroidManifest.xml:13:17-82
74            <meta-data
74-->[com.google.firebase:firebase-iid:21.1.0] AndroidManifest.xml:32:13-34:85
75                android:name="com.google.firebase.components:com.google.firebase.iid.Registrar"
75-->[com.google.firebase:firebase-iid:21.1.0] AndroidManifest.xml:33:17-96
76                android:value="com.google.firebase.components.ComponentRegistrar" />
76-->[com.google.firebase:firebase-iid:21.1.0] AndroidManifest.xml:34:17-82
77            <meta-data
77-->[com.google.firebase:firebase-messaging:23.1.0] AndroidManifest.xml:55:13-57:85
78                android:name="com.google.firebase.components:com.google.firebase.messaging.FirebaseMessagingRegistrar"
78-->[com.google.firebase:firebase-messaging:23.1.0] AndroidManifest.xml:56:17-119
79                android:value="com.google.firebase.components.ComponentRegistrar" />
79-->[com.google.firebase:firebase-messaging:23.1.0] AndroidManifest.xml:57:17-82
80            <meta-data
80-->[com.google.firebase:firebase-database:20.1.0] AndroidManifest.xml:31:13-33:85
81                android:name="com.google.firebase.components:com.google.firebase.database.DatabaseRegistrar"
81-->[com.google.firebase:firebase-database:20.1.0] AndroidManifest.xml:32:17-109
82                android:value="com.google.firebase.components.ComponentRegistrar" />
82-->[com.google.firebase:firebase-database:20.1.0] AndroidManifest.xml:33:17-82
83            <meta-data
83-->[com.google.firebase:firebase-installations:17.1.0] AndroidManifest.xml:17:13-19:85
84                android:name="com.google.firebase.components:com.google.firebase.installations.FirebaseInstallationsRegistrar"
84-->[com.google.firebase:firebase-installations:17.1.0] AndroidManifest.xml:18:17-127
85                android:value="com.google.firebase.components.ComponentRegistrar" />
85-->[com.google.firebase:firebase-installations:17.1.0] AndroidManifest.xml:19:17-82
86            <meta-data
86-->[com.google.firebase:firebase-datatransport:18.1.7] AndroidManifest.xml:27:13-29:85
87                android:name="com.google.firebase.components:com.google.firebase.datatransport.TransportRegistrar"
87-->[com.google.firebase:firebase-datatransport:18.1.7] AndroidManifest.xml:28:17-115
88                android:value="com.google.firebase.components.ComponentRegistrar" />
88-->[com.google.firebase:firebase-datatransport:18.1.7] AndroidManifest.xml:29:17-82
89        </service>
90        <service
90-->[:firebase_messaging] AndroidManifest.xml:16:9-19:72
91            android:name="io.flutter.plugins.firebase.messaging.FlutterFirebaseMessagingBackgroundService"
91-->[:firebase_messaging] AndroidManifest.xml:17:13-107
92            android:exported="false"
92-->[:firebase_messaging] AndroidManifest.xml:18:13-37
93            android:permission="android.permission.BIND_JOB_SERVICE" />
93-->[:firebase_messaging] AndroidManifest.xml:19:13-69
94        <service
94-->[:firebase_messaging] AndroidManifest.xml:20:9-26:19
95            android:name="io.flutter.plugins.firebase.messaging.FlutterFirebaseMessagingService"
95-->[:firebase_messaging] AndroidManifest.xml:21:13-97
96            android:exported="false" >
96-->[:firebase_messaging] AndroidManifest.xml:22:13-37
97            <intent-filter>
97-->[:firebase_messaging] AndroidManifest.xml:23:13-25:29
98                <action android:name="com.google.firebase.MESSAGING_EVENT" />
98-->[:firebase_messaging] AndroidManifest.xml:24:17-78
98-->[:firebase_messaging] AndroidManifest.xml:24:25-75
99            </intent-filter>
100        </service>
101
102        <receiver
102-->[:firebase_messaging] AndroidManifest.xml:28:9-35:20
103            android:name="io.flutter.plugins.firebase.messaging.FlutterFirebaseMessagingReceiver"
103-->[:firebase_messaging] AndroidManifest.xml:29:13-98
104            android:exported="true"
104-->[:firebase_messaging] AndroidManifest.xml:30:13-36
105            android:permission="com.google.android.c2dm.permission.SEND" >
105-->[:firebase_messaging] AndroidManifest.xml:31:13-73
106            <intent-filter>
106-->[:firebase_messaging] AndroidManifest.xml:32:13-34:29
107                <action android:name="com.google.android.c2dm.intent.RECEIVE" />
107-->[:firebase_messaging] AndroidManifest.xml:33:17-81
107-->[:firebase_messaging] AndroidManifest.xml:33:25-78
108            </intent-filter>
109        </receiver>
110
111        <provider
111-->[:firebase_messaging] AndroidManifest.xml:43:9-47:38
112            android:name="io.flutter.plugins.firebase.messaging.FlutterFirebaseMessagingInitProvider"
112-->[:firebase_messaging] AndroidManifest.xml:44:13-102
113            android:authorities="com.example.cake_house_bakery.flutterfirebasemessaginginitprovider"
113-->[:firebase_messaging] AndroidManifest.xml:45:13-88
114            android:exported="false"
114-->[:firebase_messaging] AndroidManifest.xml:46:13-37
115            android:initOrder="99" />
115-->[:firebase_messaging] AndroidManifest.xml:47:13-35
116
117        <receiver
117-->[:flutter_local_notifications] AndroidManifest.xml:16:9-18:40
118            android:name="com.dexterous.flutterlocalnotifications.ActionBroadcastReceiver"
118-->[:flutter_local_notifications] AndroidManifest.xml:17:13-91
119            android:exported="false" />
119-->[:flutter_local_notifications] AndroidManifest.xml:18:13-37
120        <receiver
120-->[:flutter_local_notifications] AndroidManifest.xml:19:9-21:40
121            android:name="com.dexterous.flutterlocalnotifications.ScheduledNotificationReceiver"
121-->[:flutter_local_notifications] AndroidManifest.xml:20:13-97
122            android:exported="false" />
122-->[:flutter_local_notifications] AndroidManifest.xml:21:13-37
123        <receiver
123-->[:flutter_local_notifications] AndroidManifest.xml:22:9-31:20
124            android:name="com.dexterous.flutterlocalnotifications.ScheduledNotificationBootReceiver"
124-->[:flutter_local_notifications] AndroidManifest.xml:23:13-101
125            android:exported="false" >
125-->[:flutter_local_notifications] AndroidManifest.xml:24:13-37
126            <intent-filter>
126-->[:flutter_local_notifications] AndroidManifest.xml:25:13-30:29
127                <action android:name="android.intent.action.BOOT_COMPLETED" />
127-->[:flutter_local_notifications] AndroidManifest.xml:26:17-79
127-->[:flutter_local_notifications] AndroidManifest.xml:26:25-76
128                <action android:name="android.intent.action.MY_PACKAGE_REPLACED" />
128-->[:flutter_local_notifications] AndroidManifest.xml:27:17-84
128-->[:flutter_local_notifications] AndroidManifest.xml:27:25-81
129                <action android:name="android.intent.action.QUICKBOOT_POWERON" />
129-->[:flutter_local_notifications] AndroidManifest.xml:28:17-82
129-->[:flutter_local_notifications] AndroidManifest.xml:28:25-79
130                <action android:name="com.htc.intent.action.QUICKBOOT_POWERON" />
130-->[:flutter_local_notifications] AndroidManifest.xml:29:17-82
130-->[:flutter_local_notifications] AndroidManifest.xml:29:25-79
131            </intent-filter>
132        </receiver>
133
134        <service
134-->[:location] AndroidManifest.xml:13:9-17:56
135            android:name="com.lyokone.location.FlutterLocationService"
135-->[:location] AndroidManifest.xml:14:13-71
136            android:enabled="true"
136-->[:location] AndroidManifest.xml:15:13-35
137            android:exported="false"
137-->[:location] AndroidManifest.xml:16:13-37
138            android:foregroundServiceType="location" />
138-->[:location] AndroidManifest.xml:17:13-53
139
140        <uses-library
140-->[androidx.window:window:1.0.0-beta04] AndroidManifest.xml:25:9-27:40
141            android:name="androidx.window.extensions"
141-->[androidx.window:window:1.0.0-beta04] AndroidManifest.xml:26:13-54
142            android:required="false" />
142-->[androidx.window:window:1.0.0-beta04] AndroidManifest.xml:27:13-37
143        <uses-library
143-->[androidx.window:window:1.0.0-beta04] AndroidManifest.xml:28:9-30:40
144            android:name="androidx.window.sidecar"
144-->[androidx.window:window:1.0.0-beta04] AndroidManifest.xml:29:13-51
145            android:required="false" />
145-->[androidx.window:window:1.0.0-beta04] AndroidManifest.xml:30:13-37
146
147        <receiver
147-->[com.google.firebase:firebase-messaging:23.1.0] AndroidManifest.xml:31:9-38:20
148            android:name="com.google.firebase.iid.FirebaseInstanceIdReceiver"
148-->[com.google.firebase:firebase-messaging:23.1.0] AndroidManifest.xml:32:13-78
149            android:exported="true"
149-->[com.google.firebase:firebase-messaging:23.1.0] AndroidManifest.xml:33:13-36
150            android:permission="com.google.android.c2dm.permission.SEND" >
150-->[com.google.firebase:firebase-messaging:23.1.0] AndroidManifest.xml:34:13-73
151            <intent-filter>
151-->[:firebase_messaging] AndroidManifest.xml:32:13-34:29
152                <action android:name="com.google.android.c2dm.intent.RECEIVE" />
152-->[:firebase_messaging] AndroidManifest.xml:33:17-81
152-->[:firebase_messaging] AndroidManifest.xml:33:25-78
153            </intent-filter>
154        </receiver>
155        <!--
156             FirebaseMessagingService performs security checks at runtime,
157             but set to not exported to explicitly avoid allowing another app to call it.
158        -->
159        <service
159-->[com.google.firebase:firebase-messaging:23.1.0] AndroidManifest.xml:44:9-51:19
160            android:name="com.google.firebase.messaging.FirebaseMessagingService"
160-->[com.google.firebase:firebase-messaging:23.1.0] AndroidManifest.xml:45:13-82
161            android:directBootAware="true"
161-->[com.google.firebase:firebase-messaging:23.1.0] AndroidManifest.xml:46:13-43
162            android:exported="false" >
162-->[com.google.firebase:firebase-messaging:23.1.0] AndroidManifest.xml:47:13-37
163            <intent-filter android:priority="-500" >
163-->[:firebase_messaging] AndroidManifest.xml:23:13-25:29
164                <action android:name="com.google.firebase.MESSAGING_EVENT" />
164-->[:firebase_messaging] AndroidManifest.xml:24:17-78
164-->[:firebase_messaging] AndroidManifest.xml:24:25-75
165            </intent-filter>
166        </service>
167
168        <provider
168-->[com.google.firebase:firebase-common:20.2.0] AndroidManifest.xml:25:9-30:39
169            android:name="com.google.firebase.provider.FirebaseInitProvider"
169-->[com.google.firebase:firebase-common:20.2.0] AndroidManifest.xml:26:13-77
170            android:authorities="com.example.cake_house_bakery.firebaseinitprovider"
170-->[com.google.firebase:firebase-common:20.2.0] AndroidManifest.xml:27:13-72
171            android:directBootAware="true"
171-->[com.google.firebase:firebase-common:20.2.0] AndroidManifest.xml:28:13-43
172            android:exported="false"
172-->[com.google.firebase:firebase-common:20.2.0] AndroidManifest.xml:29:13-37
173            android:initOrder="100" />
173-->[com.google.firebase:firebase-common:20.2.0] AndroidManifest.xml:30:13-36
174
175        <activity
175-->[com.google.android.gms:play-services-base:18.0.1] AndroidManifest.xml:20:9-22:45
176            android:name="com.google.android.gms.common.api.GoogleApiActivity"
176-->[com.google.android.gms:play-services-base:18.0.1] AndroidManifest.xml:20:19-85
177            android:exported="false"
177-->[com.google.android.gms:play-services-base:18.0.1] AndroidManifest.xml:22:19-43
178            android:theme="@android:style/Theme.Translucent.NoTitleBar" />
178-->[com.google.android.gms:play-services-base:18.0.1] AndroidManifest.xml:21:19-78
179
180        <meta-data
180-->[com.google.android.gms:play-services-basement:18.1.0] AndroidManifest.xml:21:9-23:69
181            android:name="com.google.android.gms.version"
181-->[com.google.android.gms:play-services-basement:18.1.0] AndroidManifest.xml:22:13-58
182            android:value="@integer/google_play_services_version" />
182-->[com.google.android.gms:play-services-basement:18.1.0] AndroidManifest.xml:23:13-66
183
184        <service
184-->[com.google.android.datatransport:transport-backend-cct:3.1.8] AndroidManifest.xml:28:9-34:19
185            android:name="com.google.android.datatransport.runtime.backends.TransportBackendDiscovery"
185-->[com.google.android.datatransport:transport-backend-cct:3.1.8] AndroidManifest.xml:29:13-103
186            android:exported="false" >
186-->[com.google.android.datatransport:transport-backend-cct:3.1.8] AndroidManifest.xml:30:13-37
187            <meta-data
187-->[com.google.android.datatransport:transport-backend-cct:3.1.8] AndroidManifest.xml:31:13-33:39
188                android:name="backend:com.google.android.datatransport.cct.CctBackendFactory"
188-->[com.google.android.datatransport:transport-backend-cct:3.1.8] AndroidManifest.xml:32:17-94
189                android:value="cct" />
189-->[com.google.android.datatransport:transport-backend-cct:3.1.8] AndroidManifest.xml:33:17-36
190        </service>
191        <service
191-->[com.google.android.datatransport:transport-runtime:3.1.8] AndroidManifest.xml:26:9-30:19
192            android:name="com.google.android.datatransport.runtime.scheduling.jobscheduling.JobInfoSchedulerService"
192-->[com.google.android.datatransport:transport-runtime:3.1.8] AndroidManifest.xml:27:13-117
193            android:exported="false"
193-->[com.google.android.datatransport:transport-runtime:3.1.8] AndroidManifest.xml:28:13-37
194            android:permission="android.permission.BIND_JOB_SERVICE" >
194-->[com.google.android.datatransport:transport-runtime:3.1.8] AndroidManifest.xml:29:13-69
195        </service>
196
197        <receiver
197-->[com.google.android.datatransport:transport-runtime:3.1.8] AndroidManifest.xml:32:9-34:40
198            android:name="com.google.android.datatransport.runtime.scheduling.jobscheduling.AlarmManagerSchedulerBroadcastReceiver"
198-->[com.google.android.datatransport:transport-runtime:3.1.8] AndroidManifest.xml:33:13-132
199            android:exported="false" />
199-->[com.google.android.datatransport:transport-runtime:3.1.8] AndroidManifest.xml:34:13-37
200    </application>
201
202</manifest>